ffmpeg started on 2022-01-08 at 06:42:21
Report written to "ffmpeg-20220108-064221.log"
Command line:
ffmpeg -loglevel error -y -report /home/zymos/tmp/cinbun/213.mp3.0.log -i /home/zymos/tmp/cinbun/213.mp3 -c:a libmp3lame -b:a 64k -ar 22050 -id3v2_version 3 -write_id3v1 1 -metadata "compatible_brands=" -metadata "minor_version=" -metadata "major_brand=" -filter:a loudnorm /tmp/audiobook_reencode/68772988/cinbun/cinbun/33872678492561213.mp3
ffmpeg version 4.2.4-1ubuntu0.1 Copyright (c) 2000-2020 the FFmpeg developers
  built with gcc 9 (Ubuntu 9.3.0-10ubuntu2)
  configuration: --prefix=/usr --extra-version=1ubuntu0.1 --toolchain=hardened --libdir=/usr/lib/x86_64-linux-gnu --incdir=/usr/include/x86_64-linux-gnu --arch=amd64 --enable-gpl --disable-stripping --enable-avresample --disable-filter=resample --enable-avisynth --enable-gnutls --enable-ladspa --enable-libaom --enable-libass --enable-libbluray --enable-libbs2b --enable-libcaca --enable-libcdio --enable-libcodec2 --enable-libflite --enable-libfontconfig --enable-libfreetype --enable-libfribidi --enable-libgme --enable-libgsm --enable-libjack --enable-libmp3lame --enable-libmysofa --enable-libopenjpeg --enable-libopenmpt --enable-libopus --enable-libpulse --enable-librsvg --enable-librubberband --enable-libshine --enable-libsnappy --enable-libsoxr --enable-libspeex --enable-libssh --enable-libtheora --enable-libtwolame --enable-libvidstab --enable-libvorbis --enable-libvpx --enable-libwavpack --enable-libwebp --enable-libx265 --enable-libxml2 --enable-libxvid --enable-libzmq --enable-libzvbi --enable-lv2 --ena  libavutil      56. 31.100 / 56. 31.100
  libavcodec     58. 54.100 / 58. 54.100
  libavformat    58. 29.100 / 58. 29.100
  libavdevice    58.  8.100 / 58.  8.100
  libavfilter     7. 57.100 /  7. 57.100
  libavresample   4.  0.  0 /  4.  0.  0
  libswscale      5.  5.100 /  5.  5.100
  libswresample   3.  5.100 /  3.  5.100
  libpostproc    55.  5.100 / 55.  5.100
Splitting the commandline.
Reading option '-loglevel' ... matched as option 'loglevel' (set logging level) with argument 'error'.
Reading option '-y' ... matched as option 'y' (overwrite output files) with argument '1'.
Reading option '-report' ... matched as option 'report' (generate a report) with argument '1'.
Reading option '/home/zymos/tmp/cinbun/213.mp3.0.log' ... matched as output url.
Reading option '-i' ... matched as input url with argument '/home/zymos/tmp/cinbun/213.mp3'.
Reading option '-c:a' ... matched as option 'c' (codec name) with argument 'libmp3lame'.
Reading option '-b:a' ... matched as option 'b' (video bitrate (please use -b:v)) with argument '64k'.
Reading option '-ar' ... matched as option 'ar' (set audio sampling rate (in Hz)) with argument '22050'.
Reading option '-id3v2_version' ... matched as AVOption 'id3v2_version' with argument '3'.
Reading option '-write_id3v1' ... matched as AVOption 'write_id3v1' with argument '1'.
Reading option '-metadata' ... matched as option 'metadata' (add metadata) with argument 'compatible_brands='.
Reading option '-metadata' ... matched as option 'metadata' (add metadata) with argument 'minor_version='.
Reading option '-metadata' ... matched as option 'metadata' (add metadata) with argument 'major_brand='.
Reading option '-filter:a' ... matched as option 'filter' (set stream filtergraph) with argument 'loudnorm'.
Reading option '/tmp/audiobook_reencode/68772988/cinbun/cinbun/33872678492561213.mp3' ... matched as output url.
Finished splitting the commandline.
Parsing a group of options: global .
Applying option loglevel (set logging level) with argument error.
Applying option y (overwrite output files) with argument 1.
Applying option report (generate a report) with argument 1.
Successfully parsed a group of options.
Parsing a group of options: input url /home/zymos/tmp/cinbun/213.mp3.
Successfully parsed a group of options.
Opening an input file: /home/zymos/tmp/cinbun/213.mp3.
[NULL @ 0x55b2142eef40] Opening '/home/zymos/tmp/cinbun/213.mp3' for reading
[file @ 0x55b2142efa00] Setting default whitelist 'file,crypto'
[mp3 @ 0x55b2142eef40] Format mp3 probed with size=2048 and score=51
id3v2 ver:4 flags:00 len:35
[mp3 @ 0x55b2142eef40] pad 576 608
[mp3 @ 0x55b2142eef40] Skipping 0 bytes of junk at 253.
[mp3 @ 0x55b2142eef40] Before avformat_find_stream_info() pos: 253 bytes read:32768 seeks:0 nb_streams:1
[mp3 @ 0x55b2142eef40] demuxer injecting skip 1105 / discard 0
[mp3float @ 0x55b2142f0c00] skip 1105 / discard 0 samples due to side data
[mp3float @ 0x55b2142f0c00] skip whole frame, skip left: 529
[mp3 @ 0x55b2142eef40] All info found
[mp3 @ 0x55b2142eef40] After avformat_find_stream_info() pos: 11517 bytes read:32768 seeks:0 frames:50
Input #0, mp3, from '/home/zymos/tmp/cinbun/213.mp3':
  Metadata:
    encoder         : Lavf58.29.100
  Duration: 00:13:27.39, start: 0.050113, bitrate: 64 kb/s
    Stream #0:0, 50, 1/14112000: Audio: mp3, 22050 Hz, stereo, fltp, 64 kb/s
Successfully opened the file.
Parsing a group of options: output url /home/zymos/tmp/cinbun/213.mp3.0.log.
Successfully parsed a group of options.
Opening an output file: /home/zymos/tmp/cinbun/213.mp3.0.log.
[NULL @ 0x55b2142f3ec0] Unable to find a suitable output format for '/home/zymos/tmp/cinbun/213.mp3.0.log'
/home/zymos/tmp/cinbun/213.mp3.0.log: Invalid argument
[AVIOContext @ 0x55b2142f7d80] Statistics: 32768 bytes read, 0 seeks
